<?xml version="1.0" encoding="UTF-8"?>
<!-- Generated by org.testng.reporters.JUnitReportReporter -->
<testsuite skipped="0" hostname="EPUALVIW0912" name="smartbear.SampleWebServiceTestSuit" tests="6" failures="0" timestamp="16 Nov 2017 12:55:02 GMT" time="1.321" errors="0">
  <testcase name="Test5" time="0.231" classname="smartbear.SampleWebServiceTestSuit"/>
  <testcase name="Test6" time="0.169" classname="smartbear.SampleWebServiceTestSuit"/>
  <testcase name="Test4" time="0.300" classname="smartbear.SampleWebServiceTestSuit"/>
  <testcase name="Test2" time="0.152" classname="smartbear.SampleWebServiceTestSuit"/>
  <testcase name="Test3" time="0.153" classname="smartbear.SampleWebServiceTestSuit"/>
  <testcase name="Test1" time="0.316" classname="smartbear.SampleWebServiceTestSuit"/>
</testsuite> <!-- smartbear.SampleWebServiceTestSuit -->
